<?xml version="1.0" encoding="UTF-8"?>
<!-- Generated by org.testng.reporters.JUnitReportReporter -->
<testsuite hostname="CarinaE" name="MyMethodsTest" tests="3" failures="0" timestamp="14 Oct 2016 18:15:56 GMT" time="0.009" errors="0">
  <testcase name="testAdd1" time="0.009" classname="MyMethodsTest"/>
  <testcase name="testAdd3" time="0.000" classname="MyMethodsTest"/>
  <testcase name="testAdd2" time="0.000" classname="MyMethodsTest"/>
</testsuite> <!-- MyMethodsTest -->
